<?xml version="1.0" encoding="UTF-8"?>
<coverage generated="1661927053476" clover="3.2.0">
  <project timestamp="1661927053476" name="All files">
    <metrics statements="21" coveredstatements="13" conditionals="2" coveredconditionals="1" methods="5" coveredmethods="2" elements="28" coveredelements="16" complexity="0" loc="21" ncloc="21" packages="1" files="3" classes="3"/>
    <file name="config.js" path="C:\Users\mhdbi\Documents\Projects\Microverse\module 2\capstone-js\src\modules\config.js">
      <metrics statements="2" coveredstatements="2" conditionals="0" coveredconditionals="0" methods="0" coveredmethods="0"/>
      <line num="3" count="1" type="stmt"/>
      <line num="4" count="1" type="stmt"/>
    </file>
    <file name="countMeals.js" path="C:\Users\mhdbi\Documents\Projects\Microverse\module 2\capstone-js\src\modules\countMeals.js">
      <metrics statements="4" coveredstatements="4" conditionals="0" coveredconditionals="0" methods="1" coveredmethods="1"/>
      <line num="1" count="1" type="stmt"/>
      <line num="2" count="1" type="stmt"/>
      <line num="3" count="1" type="stmt"/>
      <line num="4" count="1" type="stmt"/>
    </file>
    <file name="operation.js" path="C:\Users\mhdbi\Documents\Projects\Microverse\module 2\capstone-js\src\modules\operation.js">
      <metrics statements="15" coveredstatements="7" conditionals="2" coveredconditionals="1" methods="4" coveredmethods="1"/>
      <line num="5" count="1" type="stmt"/>
      <line num="6" count="0" type="stmt"/>
      <line num="7" count="0" type="stmt"/>
      <line num="8" count="0" type="stmt"/>
      <line num="11" count="1" type="stmt"/>
      <line num="12" count="0" type="stmt"/>
      <line num="15" count="0" type="stmt"/>
      <line num="16" count="0" type="stmt"/>
      <line num="19" count="1" type="stmt"/>
      <line num="20" count="0" type="stmt"/>
      <line num="21" count="0" type="stmt"/>
      <line num="34" count="1" type="stmt"/>
      <line num="35" count="1" type="stmt"/>
      <line num="36" count="1" type="stmt"/>
      <line num="37" count="1" type="cond" truecount="1" falsecount="1"/>
    </file>
  </project>
</coverage>
