{"C:\\Users\\Abel G\\Desktop\\Microverse\\Module 2\\capstone-js\\src\\modules\\countMeals.js": {"path":"C:\\Users\\Abel G\\Desktop\\Microverse\\Module 2\\capstone-js\\src\\modules\\countMeals.js","statementMap":{"0":{"start":{"line":1,"column":19},"end":{"line":5,"column":1}},"1":{"start":{"line":2,"column":17},"end":{"line":2,"column":55}},"2":{"start":{"line":3,"column":16},"end":{"line":3,"column":50}},"3":{"start":{"line":4,"column":2},"end":{"line":4,"column":43}}},"fnMap":{"0":{"name":"(anonymous_0)","decl":{"start":{"line":1,"column":19},"end":{"line":1,"column":20}},"loc":{"start":{"line":1,"column":25},"end":{"line":5,"column":1}},"line":1}},"branchMap":{},"s":{"0":1,"1":1,"2":1,"3":1},"f":{"0":1},"b":{},"_coverageSchema":"1a1c01bbd47fc00a2c39e90264f33305004495a9","hash":"770ae2d6e38d218b4d2d8914b61f88c43cd1c1eb"}
}
