{"C:\\Users\\mhdbi\\Documents\\Projects\\Microverse\\module 2\\capstone-js\\src\\modules\\comments.js": {"path":"C:\\Users\\mhdbi\\Documents\\Projects\\Microverse\\module 2\\capstone-js\\src\\modules\\comments.js","statementMap":{"0":{"start":{"line":5,"column":27},"end":{"line":11,"column":1}},"1":{"start":{"line":6,"column":26},"end":{"line":8,"column":2}},"2":{"start":{"line":9,"column":17},"end":{"line":9,"column":46}},"3":{"start":{"line":10,"column":1},"end":{"line":10,"column":16}},"4":{"start":{"line":13,"column":26},"end":{"line":26,"column":1}},"5":{"start":{"line":14,"column":24},"end":{"line":14,"column":53}},"6":{"start":{"line":15,"column":1},"end":{"line":25,"column":4}},"7":{"start":{"line":28,"column":29},"end":{"line":32,"column":1}},"8":{"start":{"line":29,"column":16},"end":{"line":29,"column":58}},"9":{"start":{"line":30,"column":18},"end":{"line":30,"column":56}},"10":{"start":{"line":31,"column":1},"end":{"line":31,"column":50}}},"fnMap":{"0":{"name":"(anonymous_0)","decl":{"start":{"line":5,"column":27},"end":{"line":5,"column":28}},"loc":{"start":{"line":5,"column":45},"end":{"line":11,"column":1}},"line":5},"1":{"name":"(anonymous_1)","decl":{"start":{"line":13,"column":26},"end":{"line":13,"column":27}},"loc":{"start":{"line":13,"column":55},"end":{"line":26,"column":1}},"line":13},"2":{"name":"(anonymous_2)","decl":{"start":{"line":28,"column":29},"end":{"line":28,"column":30}},"loc":{"start":{"line":28,"column":41},"end":{"line":32,"column":1}},"line":28}},"branchMap":{"0":{"loc":{"start":{"line":31,"column":26},"end":{"line":31,"column":46}},"type":"binary-expr","locations":[{"start":{"line":31,"column":26},"end":{"line":31,"column":41}},{"start":{"line":31,"column":45},"end":{"line":31,"column":46}}],"line":31}},"s":{"0":1,"1":0,"2":0,"3":0,"4":1,"5":0,"6":0,"7":1,"8":1,"9":1,"10":1},"f":{"0":0,"1":0,"2":1},"b":{"0":[1,0]},"_coverageSchema":"1a1c01bbd47fc00a2c39e90264f33305004495a9","hash":"81a0176e1464f729bfbfa023d21d079de6f809a8"}
,"C:\\Users\\mhdbi\\Documents\\Projects\\Microverse\\module 2\\capstone-js\\src\\modules\\config.js": {"path":"C:\\Users\\mhdbi\\Documents\\Projects\\Microverse\\module 2\\capstone-js\\src\\modules\\config.js","statementMap":{"0":{"start":{"line":3,"column":27},"end":{"line":3,"column":68}},"1":{"start":{"line":4,"column":31},"end":{"line":4,"column":125}}},"fnMap":{},"branchMap":{},"s":{"0":2,"1":2},"f":{},"b":{},"_coverageSchema":"1a1c01bbd47fc00a2c39e90264f33305004495a9","hash":"7702b30e1eac13b6c644ebe7886c3036efa2ef2f"}
,"C:\\Users\\mhdbi\\Documents\\Projects\\Microverse\\module 2\\capstone-js\\src\\modules\\meals.js": {"path":"C:\\Users\\mhdbi\\Documents\\Projects\\Microverse\\module 2\\capstone-js\\src\\modules\\meals.js","statementMap":{"0":{"start":{"line":5,"column":24},"end":{"line":9,"column":1}},"1":{"start":{"line":6,"column":18},"end":{"line":6,"column":69}},"2":{"start":{"line":7,"column":19},"end":{"line":7,"column":40}},"3":{"start":{"line":8,"column":1},"end":{"line":8,"column":14}},"4":{"start":{"line":11,"column":26},"end":{"line":15,"column":1}},"5":{"start":{"line":12,"column":16},"end":{"line":12,"column":54}},"6":{"start":{"line":13,"column":15},"end":{"line":13,"column":49}},"7":{"start":{"line":14,"column":1},"end":{"line":14,"column":42}},"8":{"start":{"line":17,"column":30},"end":{"line":21,"column":1}},"9":{"start":{"line":18,"column":18},"end":{"line":18,"column":70}},"10":{"start":{"line":19,"column":20},"end":{"line":19,"column":52}},"11":{"start":{"line":20,"column":1},"end":{"line":20,"column":19}}},"fnMap":{"0":{"name":"(anonymous_0)","decl":{"start":{"line":5,"column":24},"end":{"line":5,"column":25}},"loc":{"start":{"line":5,"column":36},"end":{"line":9,"column":1}},"line":5},"1":{"name":"(anonymous_1)","decl":{"start":{"line":11,"column":26},"end":{"line":11,"column":27}},"loc":{"start":{"line":11,"column":32},"end":{"line":15,"column":1}},"line":11},"2":{"name":"(anonymous_2)","decl":{"start":{"line":17,"column":30},"end":{"line":17,"column":31}},"loc":{"start":{"line":17,"column":48},"end":{"line":21,"column":1}},"line":17}},"branchMap":{},"s":{"0":1,"1":0,"2":0,"3":0,"4":1,"5":1,"6":1,"7":1,"8":1,"9":0,"10":0,"11":0},"f":{"0":0,"1":1,"2":0},"b":{},"_coverageSchema":"1a1c01bbd47fc00a2c39e90264f33305004495a9","hash":"30285cb0bdda9b61dc321ce7f884c11647156e72"}
}
